<?xml version="1.0" encoding="UTF-8"?>
<!-- Generated by org.testng.reporters.JUnitReportReporter -->
<testsuite skipped="0" hostname="sudarshans-mbp.lan" name="randomnumbers.test.RandomNumberTestNGTest" tests="4" failures="0" timestamp="11 Jan 2019 13:06:37 GMT" time="9.085" errors="0">
  <testcase name="populateRandomNumbers" time="2.139" classname="randomnumbers.test.RandomNumberTestNGTest"/>
  <testcase name="populateFormat" time="2.085" classname="randomnumbers.test.RandomNumberTestNGTest"/>
  <testcase name="submitForm" time="2.823" classname="randomnumbers.test.RandomNumberTestNGTest"/>
  <testcase name="getAndSortData" time="2.038" classname="randomnumbers.test.RandomNumberTestNGTest"/>
</testsuite> <!-- randomnumbers.test.RandomNumberTestNGTest -->
