<?xml version="1.0" encoding="UTF-8"?>
<!-- Generated by org.testng.reporters.JUnitReportReporter -->
<testsuite skipped="0" hostname="sudarshans-mbp.lan" name="RandomNumberTestNGTest" tests="4" failures="0" timestamp="11 Jan 2019 13:03:59 GMT" time="9.287" errors="0">
  <testcase name="populateRandomNumbers" time="2.132" classname="RandomNumberTestNGTest"/>
  <testcase name="populateFormat" time="2.087" classname="RandomNumberTestNGTest"/>
  <testcase name="submitForm" time="3.031" classname="RandomNumberTestNGTest"/>
  <testcase name="getAndSortData" time="2.037" classname="RandomNumberTestNGTest"/>
</testsuite> <!-- RandomNumberTestNGTest -->
